<?xml version="1.0" encoding="UTF-8"?>
<testsuite xmlns:xsi="http://www.w3.org/2001/XMLSchema-instance" xsi:schemaLocation="https://maven.apache.org/surefire/maven-surefire-plugin/xsd/surefire-test-report.xsd" name="fundtransfer.test.RunCukesTest" time="53.353" tests="18" errors="0" skipped="12" failures="0">
  <properties>
[...]
</properties>
  <testcase name="Given the user is on Fund Transfer Page                      " classname="Given the user is on Fund Transfer Page                      " time="0.005"/>
  <testcase name="When he enters &quot;Jim&quot; as payee name                       " classname="When he enters &quot;Jim&quot; as payee name                       " time="0"/>
  <testcase name="And he enters &quot;100&quot; as amount                        " classname="And he enters &quot;100&quot; as amount                        " time="0">
    <skipped/>
    <system-out><![CDATA[&amp#27;[1A    &amp#27;[32mWhen &amp#27;[0m&amp#27;[32mhe enters "&amp#27;[0m&amp#27;[32m&amp#27;[1mJim&amp#27;[0m&amp#27;[32m" as payee name&amp#27;[0m                                                              &amp#27;[90m# FundTransferStepDefs.He_enters_payeeName(String)&amp#27;[0m
    &amp#27;[90mAnd &amp#27;[0m&amp#27;[90mhe enters "100" as amount&amp#27;[0m
]]></system-out>
  </testcase>
  <testcase name="And he Submits request for Fund Transfer                         " classname="And he Submits request for Fund Transfer                         " time="0">
    <skipped/>
    <system-out><![CDATA[&amp#27;[1A    &amp#27;[33mAnd &amp#27;[0m&amp#27;[33mhe enters "100" as amount&amp#27;[0m
    &amp#27;[90mAnd &amp#27;[0m&amp#27;[90mhe Submits request for Fund Transfer&amp#27;[0m                                                        &amp#27;[90m# FundTransferStepDefs.He_submits_request_for_fund_transfer()&amp#27;[0m
]]></system-out>
  </testcase>
  <testcase name="Then ensure the fund transfer is complete with &quot;$100 transferred successfully to Jim!!&quot; message                          " classname="Then ensure the fund transfer is complete with &quot;$100 transferred successfully to Jim!!&quot; message                          " time="0">
    <skipped/>
    <system-out><![CDATA[&amp#27;[1A    &amp#27;[36mAnd &amp#27;[0m&amp#27;[36mhe Submits request for Fund Transfer&amp#27;[0m                                                        &amp#27;[90m# FundTransferStepDefs.He_submits_request_for_fund_transfer()&amp#27;[0m
    &amp#27;[90mThen &amp#27;[0m&amp#27;[90mensure the fund transfer is complete with "&amp#27;[0m&amp#27;[90m&amp#27;[1m$100 transferred successfully to Jim!!&amp#27;[0m&amp#27;[90m" message&amp#27;[0m &amp#27;[90m# FundTransferStepDefs.Ensure_the_fund_transfer_is_complete(String)&amp#27;[0m
]]></system-out>
  </testcase>
  <testcase name="Scenario: Valid Payee                     " classname="Scenario: Valid Payee                     " time="0">
    <skipped/>
    <system-out><![CDATA[&amp#27;[1A    &amp#27;[36mThen &amp#27;[0m&amp#27;[36mensure the fund transfer is complete with "&amp#27;[0m&amp#27;[36m&amp#27;[1m$100 transferred successfully to Jim!!&amp#27;[0m&amp#27;[36m" message&amp#27;[0m &amp#27;[90m# FundTransferStepDefs.Ensure_the_fund_transfer_is_complete(String)&amp#27;[0m
]]></system-out>
  </testcase>
  <testcase name="Given the user is on Fund Transfer Page                            " classname="Given the user is on Fund Transfer Page                            " time="0"/>
  <testcase name="When he enters &quot;Jack&quot; as payee name                             " classname="When he enters &quot;Jack&quot; as payee name                             " time="0"/>
  <testcase name="And he enters &quot;100&quot; as amount                              " classname="And he enters &quot;100&quot; as amount                              " time="0">
    <skipped/>
    <system-out><![CDATA[&amp#27;[1A    &amp#27;[32mWhen &amp#27;[0m&amp#27;[32mhe enters "&amp#27;[0m&amp#27;[32m&amp#27;[1mJack&amp#27;[0m&amp#27;[32m" as payee name&amp#27;[0m                                                                                        &amp#27;[90m# FundTransferStepDefs.He_enters_payeeName(String)&amp#27;[0m
    &amp#27;[90mAnd &amp#27;[0m&amp#27;[90mhe enters "100" as amount&amp#27;[0m
]]></system-out>
  </testcase>
  <testcase name="And he Submits request for Fund Transfer                               " classname="And he Submits request for Fund Transfer                               " time="0">
    <skipped/>
    <system-out><![CDATA[&amp#27;[1A    &amp#27;[33mAnd &amp#27;[0m&amp#27;[33mhe enters "100" as amount&amp#27;[0m
    &amp#27;[90mAnd &amp#27;[0m&amp#27;[90mhe Submits request for Fund Transfer&amp#27;[0m                                                                                   &amp#27;[90m# FundTransferStepDefs.He_submits_request_for_fund_transfer()&amp#27;[0m
]]></system-out>
  </testcase>
  <testcase name="Then ensure a transaction failure message &quot;Transfer failed!! &apos;Jack&apos; is not registered in your List of Payees&quot; is displayed                                " classname="Then ensure a transaction failure message &quot;Transfer failed!! &apos;Jack&apos; is not registered in your List of Payees&quot; is displayed                                " time="0">
    <skipped/>
    <system-out><![CDATA[&amp#27;[1A    &amp#27;[36mAnd &amp#27;[0m&amp#27;[36mhe Submits request for Fund Transfer&amp#27;[0m                                                                                   &amp#27;[90m# FundTransferStepDefs.He_submits_request_for_fund_transfer()&amp#27;[0m
    &amp#27;[90mThen &amp#27;[0m&amp#27;[90mensure a transaction failure message "&amp#27;[0m&amp#27;[90m&amp#27;[1mTransfer failed!! 'Jack' is not registered in your List of Payees&amp#27;[0m&amp#27;[90m" is displayed&amp#27;[0m &amp#27;[90m# FundTransferStepDefs.Ensure_a_transaction_failure_message(String)&amp#27;[0m
]]></system-out>
  </testcase>
  <testcase name="Scenario: Invalid Payee                           " classname="Scenario: Invalid Payee                           " time="0">
    <skipped/>
    <system-out><![CDATA[&amp#27;[1A    &amp#27;[36mThen &amp#27;[0m&amp#27;[36mensure a transaction failure message "&amp#27;[0m&amp#27;[36m&amp#27;[1mTransfer failed!! 'Jack' is not registered in your List of Payees&amp#27;[0m&amp#27;[36m" is displayed&amp#27;[0m &amp#27;[90m# FundTransferStepDefs.Ensure_a_transaction_failure_message(String)&amp#27;[0m
]]></system-out>
  </testcase>
  <testcase name="Given the user is on Fund Transfer Page                                  " classname="Given the user is on Fund Transfer Page                                  " time="0.001"/>
  <testcase name="When he enters &quot;Tim&quot; as payee name                                   " classname="When he enters &quot;Tim&quot; as payee name                                   " time="0"/>
  <testcase name="And he enters &quot;1000000&quot; as amount                                    " classname="And he enters &quot;1000000&quot; as amount                                    " time="0">
    <skipped/>
    <system-out><![CDATA[&amp#27;[1A    &amp#27;[32mWhen &amp#27;[0m&amp#27;[32mhe enters "&amp#27;[0m&amp#27;[32m&amp#27;[1mTim&amp#27;[0m&amp#27;[32m" as payee name&amp#27;[0m                                                                     &amp#27;[90m# FundTransferStepDefs.He_enters_payeeName(String)&amp#27;[0m
    &amp#27;[90mAnd &amp#27;[0m&amp#27;[90mhe enters "1000000" as amount&amp#27;[0m
]]></system-out>
  </testcase>
  <testcase name="And he Submits request for Fund Transfer                                     " classname="And he Submits request for Fund Transfer                                     " time="0">
    <skipped/>
    <system-out><![CDATA[&amp#27;[1A    &amp#27;[33mAnd &amp#27;[0m&amp#27;[33mhe enters "1000000" as amount&amp#27;[0m
    &amp#27;[90mAnd &amp#27;[0m&amp#27;[90mhe Submits request for Fund Transfer&amp#27;[0m                                                               &amp#27;[90m# FundTransferStepDefs.He_submits_request_for_fund_transfer()&amp#27;[0m
]]></system-out>
  </testcase>
  <testcase name="Then ensure a transaction failure message &quot;Transfer failed!! account cannot be overdrawn&quot; is displayed                                      " classname="Then ensure a transaction failure message &quot;Transfer failed!! account cannot be overdrawn&quot; is displayed                                      " time="0">
    <skipped/>
    <system-out><![CDATA[&amp#27;[1A    &amp#27;[36mAnd &amp#27;[0m&amp#27;[36mhe Submits request for Fund Transfer&amp#27;[0m                                                               &amp#27;[90m# FundTransferStepDefs.He_submits_request_for_fund_transfer()&amp#27;[0m
    &amp#27;[90mThen &amp#27;[0m&amp#27;[90mensure a transaction failure message "&amp#27;[0m&amp#27;[90m&amp#27;[1mTransfer failed!! account cannot be overdrawn&amp#27;[0m&amp#27;[90m" is displayed&amp#27;[0m &amp#27;[90m# FundTransferStepDefs.Ensure_a_transaction_failure_message(String)&amp#27;[0m
]]></system-out>
  </testcase>
  <testcase name="Scenario: Account is overdrawn past the overdraft limit                                 " classname="Scenario: Account is overdrawn past the overdraft limit                                 " time="0">
    <skipped/>
    <system-out><![CDATA[&amp#27;[1A    &amp#27;[36mThen &amp#27;[0m&amp#27;[36mensure a transaction failure message "&amp#27;[0m&amp#27;[36m&amp#27;[1mTransfer failed!! account cannot be overdrawn&amp#27;[0m&amp#27;[36m" is displayed&amp#27;[0m &amp#27;[90m# FundTransferStepDefs.Ensure_a_transaction_failure_message(String)&amp#27;[0m
]]></system-out>
  </testcase>
</testsuite>